<?xml version="1.0" encoding="UTF-8"?>
<!-- Generated by org.testng.reporters.JUnitXMLReporter -->
<testsuite ignored="0" hostname="Shubhams-MacBook-Air.local" failures="1" tests="2" name="Test" time="0.084" errors="0" timestamp="2021-05-25T19:01:26 IST">
  <testcase classname="testNG.com.ListenerTest" name="sum" time="0.013"/>
  <testcase classname="testNG.com.ListenerTest" name="testtofail" time="0.004">
    <failure type="java.lang.AssertionError" message="expected [true] but found [false]">
      <![CDATA[java.lang.AssertionError: expected [true] but found [false]
at testNG.com.ListenerTest.testtofail(ListenerTest.java:23)
at java.base/java.util.ArrayList.forEach(ArrayList.java:1511)
... Removed 31 stack frames]]>
    </failure>
  </testcase> <!-- testtofail -->
</testsuite> <!-- Test -->
